<?xml version="1.0" encoding="UTF-8"?>
<testng-results ignored="0" total="7" passed="7" failed="0" skipped="0">
  <reporter-output>
  </reporter-output>
  <suite started-at="2018-02-24T08:16:20Z" name="Default suite" finished-at="2018-02-24T08:16:21Z" duration-ms="1095">
    <groups>
    </groups>
    <test started-at="2018-02-24T08:16:20Z" name="Default test" finished-at="2018-02-24T08:16:21Z" duration-ms="1095">
      <class name="com.Framework.TestScript">
        <test-method is-config="true" signature="beforeMethod(java.lang.reflect.Method)[pri:0, instance:com.Framework.TestScript@11bb571c]" started-at="2018-02-24T13:46:20Z" name="beforeMethod" finished-at="2018-02-24T13:46:20Z" duration-ms="10" status="PASS">
          <params>
            <param index="0">
              <value>
                <![CDATA[public void com.Framework.TestScript.TestLogin(java.lang.String,java.lang.String,java.lang.String)]]>
              </value>
            </param>
          </params>
          <reporter-output>
          </reporter-output>
        </test-method> <!-- beforeMethod -->
        <test-method signature="TestLogin(java.lang.String, java.lang.String, java.lang.String)[pri:0, instance:com.Framework.TestScript@11bb571c]" started-at="2018-02-24T13:46:20Z" name="TestLogin" data-provider="testdata" finished-at="2018-02-24T13:46:20Z" duration-ms="10" status="PASS">
          <params>
            <param index="0">
              <value>
                <![CDATA[siddharthdash@globussoft.in]]>
              </value>
            </param>
            <param index="1">
              <value>
                <![CDATA[james1234]]>
              </value>
            </param>
            <param index="2">
              <value>
                <![CDATA[y]]>
              </value>
            </param>
          </params>
          <reporter-output>
          </reporter-output>
        </test-method> <!-- TestLogin -->
        <test-method is-config="true" signature="afterMethod(org.testng.ITestResult)[pri:0, instance:com.Framework.TestScript@11bb571c]" started-at="2018-02-24T13:46:20Z" name="afterMethod" finished-at="2018-02-24T13:46:20Z" duration-ms="0" status="PASS">
          <params>
            <param index="0">
              <value>
                <![CDATA[[TestResult name=TestLogin status=SUCCESS method=TestScript.TestLogin(java.lang.String, java.lang.String, java.lang.String)[pri:0, instance:com.Framework.TestScript@11bb571c] output={null}]]]>
              </value>
            </param>
          </params>
          <reporter-output>
          </reporter-output>
        </test-method> <!-- afterMethod -->
        <test-method is-config="true" signature="beforeMethod(java.lang.reflect.Method)[pri:0, instance:com.Framework.TestScript@11bb571c]" started-at="2018-02-24T13:46:20Z" name="beforeMethod" finished-at="2018-02-24T13:46:20Z" duration-ms="0" status="PASS">
          <params>
            <param index="0">
              <value>
                <![CDATA[public void com.Framework.TestScript.TestLogin(java.lang.String,java.lang.String,java.lang.String)]]>
              </value>
            </param>
          </params>
          <reporter-output>
          </reporter-output>
        </test-method> <!-- beforeMethod -->
        <test-method is-config="true" signature="beforeMethod(java.lang.reflect.Method)[pri:0, instance:com.Framework.TestScript@11bb571c]" started-at="2018-02-24T13:46:20Z" name="beforeMethod" finished-at="2018-02-24T13:46:20Z" duration-ms="0" status="PASS">
          <params>
            <param index="0">
              <value>
                <![CDATA[public void com.Framework.TestScript.TestLogin(java.lang.String,java.lang.String,java.lang.String)]]>
              </value>
            </param>
          </params>
          <reporter-output>
          </reporter-output>
        </test-method> <!-- beforeMethod -->
        <test-method signature="TestLogin(java.lang.String, java.lang.String, java.lang.String)[pri:0, instance:com.Framework.TestScript@11bb571c]" started-at="2018-02-24T13:46:20Z" name="TestLogin" data-provider="testdata" finished-at="2018-02-24T13:46:20Z" duration-ms="10" status="PASS">
          <params>
            <param index="0">
              <value>
                <![CDATA[siddharthdash@globussoft.in]]>
              </value>
            </param>
            <param index="1">
              <value>
                <![CDATA[james1236]]>
              </value>
            </param>
            <param index="2">
              <value>
                <![CDATA[n]]>
              </value>
            </param>
          </params>
          <reporter-output>
          </reporter-output>
        </test-method> <!-- TestLogin -->
        <test-method signature="TestLogin(java.lang.String, java.lang.String, java.lang.String)[pri:0, instance:com.Framework.TestScript@11bb571c]" started-at="2018-02-24T13:46:20Z" name="TestLogin" data-provider="testdata" finished-at="2018-02-24T13:46:20Z" duration-ms="0" status="PASS">
          <params>
            <param index="0">
              <value>
                <![CDATA[siddharthdash@globussoft.in]]>
              </value>
            </param>
            <param index="1">
              <value>
                <![CDATA[james1235]]>
              </value>
            </param>
            <param index="2">
              <value>
                <![CDATA[n]]>
              </value>
            </param>
          </params>
          <reporter-output>
          </reporter-output>
        </test-method> <!-- TestLogin -->
        <test-method is-config="true" signature="afterMethod(org.testng.ITestResult)[pri:0, instance:com.Framework.TestScript@11bb571c]" started-at="2018-02-24T13:46:20Z" name="afterMethod" finished-at="2018-02-24T13:46:20Z" duration-ms="0" status="PASS">
          <params>
            <param index="0">
              <value>
                <![CDATA[[TestResult name=TestLogin status=SUCCESS method=TestScript.TestLogin(java.lang.String, java.lang.String, java.lang.String)[pri:0, instance:com.Framework.TestScript@11bb571c] output={null}]]]>
              </value>
            </param>
          </params>
          <reporter-output>
          </reporter-output>
        </test-method> <!-- afterMethod -->
        <test-method signature="TestLogin(java.lang.String, java.lang.String, java.lang.String)[pri:0, instance:com.Framework.TestScript@11bb571c]" started-at="2018-02-24T13:46:20Z" name="TestLogin" data-provider="testdata" finished-at="2018-02-24T13:46:20Z" duration-ms="10" status="PASS">
          <params>
            <param index="0">
              <value>
                <![CDATA[siddharthdash@globussoft.in]]>
              </value>
            </param>
            <param index="1">
              <value>
                <![CDATA[james1238]]>
              </value>
            </param>
            <param index="2">
              <value>
                <![CDATA[n]]>
              </value>
            </param>
          </params>
          <reporter-output>
          </reporter-output>
        </test-method> <!-- TestLogin -->
        <test-method is-config="true" signature="beforeMethod(java.lang.reflect.Method)[pri:0, instance:com.Framework.TestScript@11bb571c]" started-at="2018-02-24T13:46:20Z" name="beforeMethod" finished-at="2018-02-24T13:46:20Z" duration-ms="0" status="PASS">
          <params>
            <param index="0">
              <value>
                <![CDATA[public void com.Framework.TestScript.TestLogin(java.lang.String,java.lang.String,java.lang.String)]]>
              </value>
            </param>
          </params>
          <reporter-output>
          </reporter-output>
        </test-method> <!-- beforeMethod -->
        <test-method signature="TestLogin(java.lang.String, java.lang.String, java.lang.String)[pri:0, instance:com.Framework.TestScript@11bb571c]" started-at="2018-02-24T13:46:20Z" name="TestLogin" data-provider="testdata" finished-at="2018-02-24T13:46:20Z" duration-ms="0" status="PASS">
          <params>
            <param index="0">
              <value>
                <![CDATA[siddharthdash@globussoft.in]]>
              </value>
            </param>
            <param index="1">
              <value>
                <![CDATA[james1237]]>
              </value>
            </param>
            <param index="2">
              <value>
                <![CDATA[y]]>
              </value>
            </param>
          </params>
          <reporter-output>
          </reporter-output>
        </test-method> <!-- TestLogin -->
        <test-method is-config="true" signature="beforeMethod(java.lang.reflect.Method)[pri:0, instance:com.Framework.TestScript@11bb571c]" started-at="2018-02-24T13:46:20Z" name="beforeMethod" finished-at="2018-02-24T13:46:20Z" duration-ms="0" status="PASS">
          <params>
            <param index="0">
              <value>
                <![CDATA[public void com.Framework.TestScript.TestLogin(java.lang.String,java.lang.String,java.lang.String)]]>
              </value>
            </param>
          </params>
          <reporter-output>
          </reporter-output>
        </test-method> <!-- beforeMethod -->
        <test-method is-config="true" signature="afterMethod(org.testng.ITestResult)[pri:0, instance:com.Framework.TestScript@11bb571c]" started-at="2018-02-24T13:46:20Z" name="afterMethod" finished-at="2018-02-24T13:46:20Z" duration-ms="0" status="PASS">
          <params>
            <param index="0">
              <value>
                <![CDATA[[TestResult name=TestLogin status=SUCCESS method=TestScript.TestLogin(java.lang.String, java.lang.String, java.lang.String)[pri:0, instance:com.Framework.TestScript@11bb571c] output={null}]]]>
              </value>
            </param>
          </params>
          <reporter-output>
          </reporter-output>
        </test-method> <!-- afterMethod -->
        <test-method is-config="true" signature="afterMethod(org.testng.ITestResult)[pri:0, instance:com.Framework.TestScript@11bb571c]" started-at="2018-02-24T13:46:20Z" name="afterMethod" finished-at="2018-02-24T13:46:20Z" duration-ms="0" status="PASS">
          <params>
            <param index="0">
              <value>
                <![CDATA[[TestResult name=TestLogin status=SUCCESS method=TestScript.TestLogin(java.lang.String, java.lang.String, java.lang.String)[pri:0, instance:com.Framework.TestScript@11bb571c] output={null}]]]>
              </value>
            </param>
          </params>
          <reporter-output>
          </reporter-output>
        </test-method> <!-- afterMethod -->
        <test-method signature="TestLogin(java.lang.String, java.lang.String, java.lang.String)[pri:0, instance:com.Framework.TestScript@11bb571c]" started-at="2018-02-24T13:46:20Z" name="TestLogin" data-provider="testdata" finished-at="2018-02-24T13:46:20Z" duration-ms="0" status="PASS">
          <params>
            <param index="0">
              <value>
                <![CDATA[siddharthdash@globussoft.in]]>
              </value>
            </param>
            <param index="1">
              <value>
                <![CDATA[james1239]]>
              </value>
            </param>
            <param index="2">
              <value>
                <![CDATA[y]]>
              </value>
            </param>
          </params>
          <reporter-output>
          </reporter-output>
        </test-method> <!-- TestLogin -->
        <test-method is-config="true" signature="beforeMethod(java.lang.reflect.Method)[pri:0, instance:com.Framework.TestScript@11bb571c]" started-at="2018-02-24T13:46:20Z" name="beforeMethod" finished-at="2018-02-24T13:46:20Z" duration-ms="0" status="PASS">
          <params>
            <param index="0">
              <value>
                <![CDATA[public void com.Framework.TestScript.TestLogin(java.lang.String,java.lang.String,java.lang.String)]]>
              </value>
            </param>
          </params>
          <reporter-output>
          </reporter-output>
        </test-method> <!-- beforeMethod -->
        <test-method is-config="true" signature="afterMethod(org.testng.ITestResult)[pri:0, instance:com.Framework.TestScript@11bb571c]" started-at="2018-02-24T13:46:20Z" name="afterMethod" finished-at="2018-02-24T13:46:20Z" duration-ms="0" status="PASS">
          <params>
            <param index="0">
              <value>
                <![CDATA[[TestResult name=TestLogin status=SUCCESS method=TestScript.TestLogin(java.lang.String, java.lang.String, java.lang.String)[pri:0, instance:com.Framework.TestScript@11bb571c] output={null}]]]>
              </value>
            </param>
          </params>
          <reporter-output>
          </reporter-output>
        </test-method> <!-- afterMethod -->
        <test-method is-config="true" signature="endTest()[pri:0, instance:com.Framework.TestScript@11bb571c]" started-at="2018-02-24T13:46:20Z" name="endTest" finished-at="2018-02-24T13:46:21Z" duration-ms="384" status="PASS">
          <reporter-output>
          </reporter-output>
        </test-method> <!-- endTest -->
        <test-method is-config="true" signature="afterMethod(org.testng.ITestResult)[pri:0, instance:com.Framework.TestScript@11bb571c]" started-at="2018-02-24T13:46:20Z" name="afterMethod" finished-at="2018-02-24T13:46:20Z" duration-ms="0" status="PASS">
          <params>
            <param index="0">
              <value>
                <![CDATA[[TestResult name=TestLogin status=SUCCESS method=TestScript.TestLogin(java.lang.String, java.lang.String, java.lang.String)[pri:0, instance:com.Framework.TestScript@11bb571c] output={null}]]]>
              </value>
            </param>
          </params>
          <reporter-output>
          </reporter-output>
        </test-method> <!-- afterMethod -->
        <test-method is-config="true" signature="afterMethod(org.testng.ITestResult)[pri:0, instance:com.Framework.TestScript@11bb571c]" started-at="2018-02-24T13:46:20Z" name="afterMethod" finished-at="2018-02-24T13:46:20Z" duration-ms="0" status="PASS">
          <params>
            <param index="0">
              <value>
                <![CDATA[[TestResult name=TestLogin status=SUCCESS method=TestScript.TestLogin(java.lang.String, java.lang.String, java.lang.String)[pri:0, instance:com.Framework.TestScript@11bb571c] output={null}]]]>
              </value>
            </param>
          </params>
          <reporter-output>
          </reporter-output>
        </test-method> <!-- afterMethod -->
        <test-method signature="TestLogin(java.lang.String, java.lang.String, java.lang.String)[pri:0, instance:com.Framework.TestScript@11bb571c]" started-at="2018-02-24T13:46:20Z" name="TestLogin" data-provider="testdata" finished-at="2018-02-24T13:46:20Z" duration-ms="0" status="PASS">
          <params>
            <param index="0">
              <value>
                <![CDATA[siddharthdash@globussoft.in]]>
              </value>
            </param>
            <param index="1">
              <value>
                <![CDATA[james1240]]>
              </value>
            </param>
            <param index="2">
              <value>
                <![CDATA[y]]>
              </value>
            </param>
          </params>
          <reporter-output>
          </reporter-output>
        </test-method> <!-- TestLogin -->
        <test-method is-config="true" signature="beforeMethod(java.lang.reflect.Method)[pri:0, instance:com.Framework.TestScript@11bb571c]" started-at="2018-02-24T13:46:20Z" name="beforeMethod" finished-at="2018-02-24T13:46:20Z" duration-ms="0" status="PASS">
          <params>
            <param index="0">
              <value>
                <![CDATA[public void com.Framework.TestScript.TestLogin(java.lang.String,java.lang.String,java.lang.String)]]>
              </value>
            </param>
          </params>
          <reporter-output>
          </reporter-output>
        </test-method> <!-- beforeMethod -->
      </class> <!-- com.Framework.TestScript -->
    </test> <!-- Default test -->
  </suite> <!-- Default suite -->
</testng-results>
