<?xml version="1.0" encoding="UTF-8"?>
<!-- Generated by org.testng.reporters.JUnitXMLReporter -->
<testsuite ignored="0" hostname="GLB-242-PC" failures="0" tests="7" name="Default test" time="1.095" errors="0" timestamp="24 Feb 2018 08:16:21 GMT">
  <testcase classname="com.Framework.TestScript" name="TestLogin" time="0.01"/>
  <testcase classname="com.Framework.TestScript" name="TestLogin" time="0.0"/>
  <testcase classname="com.Framework.TestScript" name="TestLogin" time="0.01"/>
  <testcase classname="com.Framework.TestScript" name="TestLogin" time="0.0"/>
  <testcase classname="com.Framework.TestScript" name="TestLogin" time="0.01"/>
  <testcase classname="com.Framework.TestScript" name="TestLogin" time="0.0"/>
  <testcase classname="com.Framework.TestScript" name="TestLogin" time="0.0"/>
</testsuite> <!-- Default test -->
